

==============================
20230626 = o = create and copy
20230626 = i = release-0.0.1
20230626 = o = добавление/редактирование служебных файлов
20230626 = o = рефакторинг
20230626 = i = release-0.0.2
==============================
20230627 = o = перемещение БД
20230628 = o = удаление файла JwtRequestFilter, восстановление авторизации
20230628 = o = рефакторинг, переименовывание переменных и методов
20230628 = o = cart.js - перестановка слеша в пути
20230628 = o = cart.html - переписан итератор items
20230628 = o = восстановлена корзина на фронте
20230628 = e = не работает добаления нового товара
20230628 = i = release-0.0.3
==============================
20230629 = w = V1__init.sql → price == numeric(8,2)
20230629 = w = change price from int to BigDecimal
20230630 = o = add swagger in ProductsController
20230701 = o = эксепшены между MS - прокидываем через коды
20230701 = o = включение конфигурации таймаутов через отдельный файл
20230701 = i = release-0.0.4
==============================
20230703 = o = paypal
20230703 = e = ошибка при отправке запроса на оплату = https://developer.paypal.com/docs/api/orders/v2/#error-ITEM_TOTAL_MISMATCH
20230703 = o = add @SpringBootTest == CartServiceTest
20230703 = o = refactoring, приведение к L12
20230703 = o = paypal == в целом работает, проверено до момента ввода платёжных данных
20230703 = i = release-0.0.5
==============================
20230704 = o = paypal - change client-id
20230705 = o = rename general module = ReMarket-02-08 -to- ReMarket
20230706 = o = add stats-service
20230706 = o = stats - количество заказов пользователя на странице Заказы
20230706 = o = stats - количество заказов пользователя на странице Статистика
20230707 = o = stats - все заказы пользователя на странице Статистика
20230708 = o = stats - top 3 продукта == ок



